<?xml version="1.0" encoding="UTF-8"?>
<testng-results ignored="0" total="0" passed="0" failed="0" skipped="0">
  <reporter-output>
  </reporter-output>
  <suite started-at="2021-11-13T12:13:31 CET" name="runners.TestRunner" finished-at="2021-11-13T12:13:31 CET" duration-ms="15">
    <groups>
    </groups>
    <test started-at="2021-11-13T12:13:31 CET" name="Command line test" finished-at="2021-11-13T12:13:31 CET" duration-ms="15">
    </test> <!-- Command line test -->
  </suite> <!-- runners.TestRunner -->
</testng-results>
